{"D:\\Dev\\Be_master_of_JS\\node_lecture\\node_bird\\controllers\\user.js": {"path":"D:\\Dev\\Be_master_of_JS\\node_lecture\\node_bird\\controllers\\user.js","statementMap":{"0":{"start":{"line":2,"column":19},"end":{"line":2,"column":46}},"1":{"start":{"line":4,"column":0},"end":{"line":25,"column":2}},"2":{"start":{"line":6,"column":4},"end":{"line":24,"column":5}},"3":{"start":{"line":7,"column":23},"end":{"line":7,"column":63}},"4":{"start":{"line":8,"column":8},"end":{"line":12,"column":9}},"5":{"start":{"line":9,"column":12},"end":{"line":9,"column":32}},"6":{"start":{"line":10,"column":15},"end":{"line":12,"column":9}},"7":{"start":{"line":11,"column":12},"end":{"line":11,"column":44}},"8":{"start":{"line":22,"column":8},"end":{"line":22,"column":29}},"9":{"start":{"line":23,"column":8},"end":{"line":23,"column":20}}},"fnMap":{"0":{"name":"(anonymous_0)","decl":{"start":{"line":4,"column":17},"end":{"line":4,"column":18}},"loc":{"start":{"line":4,"column":43},"end":{"line":25,"column":1}},"line":4}},"branchMap":{"0":{"loc":{"start":{"line":8,"column":8},"end":{"line":12,"column":9}},"type":"if","locations":[{"start":{"line":8,"column":8},"end":{"line":12,"column":9}},{"start":{"line":10,"column":15},"end":{"line":12,"column":9}}],"line":8},"1":{"loc":{"start":{"line":10,"column":15},"end":{"line":12,"column":9}},"type":"if","locations":[{"start":{"line":10,"column":15},"end":{"line":12,"column":9}},{"start":{},"end":{}}],"line":10}},"s":{"0":1,"1":1,"2":3,"3":3,"4":2,"5":1,"6":1,"7":1,"8":1,"9":1},"f":{"0":3},"b":{"0":[1,1],"1":[1,0]},"_coverageSchema":"1a1c01bbd47fc00a2c39e90264f33305004495a9","hash":"f84fecbaae8f8120e9306fbd7baf5ebf14a9632f"}
,"D:\\Dev\\Be_master_of_JS\\node_lecture\\node_bird\\middlewares\\index.js": {"path":"D:\\Dev\\Be_master_of_JS\\node_lecture\\node_bird\\middlewares\\index.js","statementMap":{"0":{"start":{"line":1,"column":0},"end":{"line":8,"column":2}},"1":{"start":{"line":2,"column":4},"end":{"line":2,"column":34}},"2":{"start":{"line":3,"column":4},"end":{"line":7,"column":5}},"3":{"start":{"line":4,"column":8},"end":{"line":4,"column":15}},"4":{"start":{"line":6,"column":8},"end":{"line":6,"column":39}},"5":{"start":{"line":10,"column":0},"end":{"line":18,"column":2}},"6":{"start":{"line":11,"column":4},"end":{"line":11,"column":37}},"7":{"start":{"line":12,"column":4},"end":{"line":17,"column":5}},"8":{"start":{"line":13,"column":8},"end":{"line":13,"column":15}},"9":{"start":{"line":15,"column":24},"end":{"line":15,"column":57}},"10":{"start":{"line":16,"column":8},"end":{"line":16,"column":43}}},"fnMap":{"0":{"name":"(anonymous_0)","decl":{"start":{"line":1,"column":21},"end":{"line":1,"column":22}},"loc":{"start":{"line":1,"column":41},"end":{"line":8,"column":1}},"line":1},"1":{"name":"(anonymous_1)","decl":{"start":{"line":10,"column":24},"end":{"line":10,"column":25}},"loc":{"start":{"line":10,"column":44},"end":{"line":18,"column":1}},"line":10}},"branchMap":{"0":{"loc":{"start":{"line":3,"column":4},"end":{"line":7,"column":5}},"type":"if","locations":[{"start":{"line":3,"column":4},"end":{"line":7,"column":5}},{"start":{"line":5,"column":11},"end":{"line":7,"column":5}}],"line":3},"1":{"loc":{"start":{"line":12,"column":4},"end":{"line":17,"column":5}},"type":"if","locations":[{"start":{"line":12,"column":4},"end":{"line":17,"column":5}},{"start":{"line":14,"column":11},"end":{"line":17,"column":5}}],"line":12}},"s":{"0":1,"1":2,"2":2,"3":1,"4":1,"5":1,"6":2,"7":2,"8":1,"9":1,"10":1},"f":{"0":2,"1":2},"b":{"0":[1,1],"1":[1,1]},"_coverageSchema":"1a1c01bbd47fc00a2c39e90264f33305004495a9","hash":"35851bc9fbc937784af514d4bc370175c78cec0c"}
,"D:\\Dev\\Be_master_of_JS\\node_lecture\\node_bird\\models\\user.js": {"path":"D:\\Dev\\Be_master_of_JS\\node_lecture\\node_bird\\models\\user.js","statementMap":{"0":{"start":{"line":1,"column":18},"end":{"line":1,"column":38}},"1":{"start":{"line":5,"column":8},"end":{"line":37,"column":10}},"2":{"start":{"line":40,"column":8},"end":{"line":40,"column":33}},"3":{"start":{"line":41,"column":8},"end":{"line":45,"column":10}},"4":{"start":{"line":46,"column":8},"end":{"line":50,"column":10}},"5":{"start":{"line":54,"column":0},"end":{"line":54,"column":22}}},"fnMap":{"0":{"name":"(anonymous_0)","decl":{"start":{"line":4,"column":4},"end":{"line":4,"column":5}},"loc":{"start":{"line":4,"column":31},"end":{"line":38,"column":5}},"line":4},"1":{"name":"(anonymous_1)","decl":{"start":{"line":39,"column":4},"end":{"line":39,"column":5}},"loc":{"start":{"line":39,"column":25},"end":{"line":51,"column":5}},"line":39}},"branchMap":{},"s":{"0":3,"1":1,"2":1,"3":1,"4":1,"5":3},"f":{"0":1,"1":1},"b":{},"_coverageSchema":"1a1c01bbd47fc00a2c39e90264f33305004495a9","hash":"4e93f8c718b2dc3d45f03807a303a88ed016f6d5"}
,"D:\\Dev\\Be_master_of_JS\\node_lecture\\node_bird\\services\\user.js": {"path":"D:\\Dev\\Be_master_of_JS\\node_lecture\\node_bird\\services\\user.js","statementMap":{"0":{"start":{"line":1,"column":13},"end":{"line":1,"column":38}},"1":{"start":{"line":3,"column":0},"end":{"line":11,"column":1}},"2":{"start":{"line":4,"column":17},"end":{"line":4,"column":62}},"3":{"start":{"line":5,"column":4},"end":{"line":10,"column":5}},"4":{"start":{"line":6,"column":8},"end":{"line":6,"column":59}},"5":{"start":{"line":7,"column":8},"end":{"line":7,"column":20}},"6":{"start":{"line":9,"column":8},"end":{"line":9,"column":25}}},"fnMap":{"0":{"name":"(anonymous_0)","decl":{"start":{"line":3,"column":17},"end":{"line":3,"column":18}},"loc":{"start":{"line":3,"column":48},"end":{"line":11,"column":1}},"line":3}},"branchMap":{"0":{"loc":{"start":{"line":5,"column":4},"end":{"line":10,"column":5}},"type":"if","locations":[{"start":{"line":5,"column":4},"end":{"line":10,"column":5}},{"start":{"line":8,"column":10},"end":{"line":10,"column":5}}],"line":5}},"s":{"0":2,"1":2,"2":3,"3":2,"4":1,"5":1,"6":1},"f":{"0":3},"b":{"0":[1,1]},"_coverageSchema":"1a1c01bbd47fc00a2c39e90264f33305004495a9","hash":"a30b86457f8f477fc016634fc1f84f0137bc9e3b"}
}
